<?xml version="1.0" encoding="UTF-8"?>
<testsuite name="com.chang.blog.controller.HelloControllerTest" tests="1" skipped="0" failures="0" errors="0" timestamp="2020-06-30T12:56:00" hostname="DESKTOP-VDSH1KN" time="0.22">
  <properties/>
  <testcase name="testHello" classname="com.chang.blog.controller.HelloControllerTest" time="0.22"/>
  <system-out><![CDATA[20:55:57.993 [Test worker] DEBUG org.springframework.test.context.junit4.SpringJUnit4ClassRunner - SpringJUnit4ClassRunner constructor called with [class com.chang.blog.controller.HelloControllerTest]
20:55:58.006 [Test worker] DEBUG org.springframework.test.context.BootstrapUtils - Instantiating CacheAwareContextLoaderDelegate from class [org.springframework.test.context.cache.DefaultCacheAwareContextLoaderDelegate]
20:55:58.014 [Test worker] DEBUG org.springframework.test.context.BootstrapUtils - Instantiating BootstrapContext using constructor [public org.springframework.test.context.support.DefaultBootstrapContext(java.lang.Class,org.springframework.test.context.CacheAwareContextLoaderDelegate)]
20:55:58.051 [Test worker] DEBUG org.springframework.test.context.BootstrapUtils - Instantiating TestContextBootstrapper for test class [com.chang.blog.controller.HelloControllerTest] from class [org.springframework.boot.test.context.SpringBootTestContextBootstrapper]
20:55:58.066 [Test worker] INFO org.springframework.boot.test.context.SpringBootTestContextBootstrapper - Neither @ContextConfiguration nor @ContextHierarchy found for test class [com.chang.blog.controller.HelloControllerTest], using SpringBootContextLoader
20:55:58.069 [Test worker] DEBUG org.springframework.test.context.support.AbstractContextLoader - Did not detect default resource location for test class [com.chang.blog.controller.HelloControllerTest]: class path resource [com/chang/blog/controller/HelloControllerTest-context.xml] does not exist
20:55:58.070 [Test worker] DEBUG org.springframework.test.context.support.AbstractContextLoader - Did not detect default resource location for test class [com.chang.blog.controller.HelloControllerTest]: class path resource [com/chang/blog/controller/HelloControllerTestContext.groovy] does not exist
20:55:58.070 [Test worker] INFO org.springframework.test.context.support.AbstractContextLoader - Could not detect default resource locations for test class [com.chang.blog.controller.HelloControllerTest]: no resource found for suffixes {-context.xml, Context.groovy}.
20:55:58.071 [Test worker] INFO org.springframework.test.context.support.AnnotationConfigContextLoaderUtils - Could not detect default configuration classes for test class [com.chang.blog.controller.HelloControllerTest]: HelloControllerTest does not declare any static, non-private, non-final, nested classes annotated with @Configuration.
20:55:58.139 [Test worker] DEBUG org.springframework.test.context.support.ActiveProfilesUtils - Could not find an 'annotation declaring class' for annotation type [org.springframework.test.context.ActiveProfiles] and class [com.chang.blog.controller.HelloControllerTest]
20:55:58.208 [Test worker] DEBUG org.springframework.context.annotation.ClassPathScanningCandidateComponentProvider - Identified candidate component class: file [D:\JetBrains\workspace\blog\build\classes\java\main\com\chang\blog\BlogApplication.class]
20:55:58.210 [Test worker] INFO org.springframework.boot.test.context.SpringBootTestContextBootstrapper - Found @SpringBootConfiguration com.chang.blog.BlogApplication for test class com.chang.blog.controller.HelloControllerTest
20:55:58.298 [Test worker] DEBUG org.springframework.boot.test.context.SpringBootTestContextBootstrapper - @TestExecutionListeners is not present for class [com.chang.blog.controller.HelloControllerTest]: using defaults.
20:55:58.299 [Test worker] INFO org.springframework.boot.test.context.SpringBootTestContextBootstrapper - Loaded default TestExecutionListener class names from location [META-INF/spring.factories]: [org.springframework.boot.test.autoconfigure.restdocs.RestDocsTestExecutionListener, org.springframework.boot.test.autoconfigure.web.client.MockRestServiceServerResetTestExecutionListener, org.springframework.boot.test.autoconfigure.web.servlet.MockMvcPrintOnlyOnFailureTestExecutionListener, org.springframework.boot.test.autoconfigure.web.servlet.WebDriverTestExecutionListener, org.springframework.boot.test.mock.mockito.MockitoTestExecutionListener, org.springframework.boot.test.mock.mockito.ResetMocksTestExecutionListener, org.springframework.test.context.web.ServletTestExecutionListener, org.springframework.test.context.support.DirtiesContextBeforeModesTestExecutionListener, org.springframework.test.context.support.DependencyInjectionTestExecutionListener, org.springframework.test.context.support.DirtiesContextTestExecutionListener, org.springframework.test.context.transaction.TransactionalTestExecutionListener, org.springframework.test.context.jdbc.SqlScriptsTestExecutionListener]
20:55:58.309 [Test worker] DEBUG org.springframework.boot.test.context.SpringBootTestContextBootstrapper - Skipping candidate TestExecutionListener [org.springframework.test.context.transaction.TransactionalTestExecutionListener] due to a missing dependency. Specify custom listener classes or make the default listener classes and their required dependencies available. Offending class: [org/springframework/transaction/interceptor/TransactionAttributeSource]
20:55:58.310 [Test worker] DEBUG org.springframework.boot.test.context.SpringBootTestContextBootstrapper - Skipping candidate TestExecutionListener [org.springframework.test.context.jdbc.SqlScriptsTestExecutionListener] due to a missing dependency. Specify custom listener classes or make the default listener classes and their required dependencies available. Offending class: [org/springframework/transaction/interceptor/TransactionAttribute]
20:55:58.310 [Test worker] INFO org.springframework.boot.test.context.SpringBootTestContextBootstrapper - Using TestExecutionListeners: [org.springframework.test.context.web.ServletTestExecutionListener@52bdd032, org.springframework.test.context.support.DirtiesContextBeforeModesTestExecutionListener@660cfd66, org.springframework.boot.test.mock.mockito.MockitoTestExecutionListener@1cd442bd, org.springframework.boot.test.autoconfigure.SpringBootDependencyInjectionTestExecutionListener@686e02ba, org.springframework.test.context.support.DirtiesContextTestExecutionListener@546e63c5, org.springframework.boot.test.autoconfigure.restdocs.RestDocsTestExecutionListener@558853e3, org.springframework.boot.test.autoconfigure.web.client.MockRestServiceServerResetTestExecutionListener@6bf72245, org.springframework.boot.test.autoconfigure.web.servlet.MockMvcPrintOnlyOnFailureTestExecutionListener@73148653, org.springframework.boot.test.autoconfigure.web.servlet.WebDriverTestExecutionListener@54c3a3bf, org.springframework.boot.test.mock.mockito.ResetMocksTestExecutionListener@4343f58f]
20:55:58.314 [Test worker] DEBUG org.springframework.test.annotation.ProfileValueUtils - Retrieved @ProfileValueSourceConfiguration [null] for test class [com.chang.blog.controller.HelloControllerTest]
20:55:58.315 [Test worker] DEBUG org.springframework.test.annotation.ProfileValueUtils - Retrieved ProfileValueSource type [class org.springframework.test.annotation.SystemProfileValueSource] for class [com.chang.blog.controller.HelloControllerTest]
20:55:58.318 [Test worker] DEBUG org.springframework.test.annotation.ProfileValueUtils - Retrieved @ProfileValueSourceConfiguration [null] for test class [com.chang.blog.controller.HelloControllerTest]
20:55:58.318 [Test worker] DEBUG org.springframework.test.annotation.ProfileValueUtils - Retrieved ProfileValueSource type [class org.springframework.test.annotation.SystemProfileValueSource] for class [com.chang.blog.controller.HelloControllerTest]
20:55:58.319 [Test worker] DEBUG org.springframework.test.annotation.ProfileValueUtils - Retrieved @ProfileValueSourceConfiguration [null] for test class [com.chang.blog.controller.HelloControllerTest]
20:55:58.319 [Test worker] DEBUG org.springframework.test.annotation.ProfileValueUtils - Retrieved ProfileValueSource type [class org.springframework.test.annotation.SystemProfileValueSource] for class [com.chang.blog.controller.HelloControllerTest]
20:55:58.322 [Test worker] DEBUG org.springframework.test.context.support.AbstractDirtiesContextTestExecutionListener - Before test class: context [DefaultTestContext@3d7145bc testClass = HelloControllerTest, testInstance = [null], testMethod = [null], testException = [null], mergedContextConfiguration = [WebMergedContextConfiguration@31fcff6 testClass = HelloControllerTest, locations = '{}', classes = '{class com.chang.blog.BlogApplication}', contextInitializerClasses = '[]', activeProfiles = '{}', propertySourceLocations = '{}', propertySourceProperties = '{org.springframework.boot.test.context.SpringBootTestContextBootstrapper=true}', contextCustomizers = set[org.springframework.boot.test.autoconfigure.properties.PropertyMappingContextCustomizer@e7e8512, org.springframework.boot.test.autoconfigure.web.servlet.WebDriverContextCustomizerFactory$Customizer@18a81120, [ImportsContextCustomizer@50a6a230 key = [org.springframework.boot.test.autoconfigure.web.servlet.MockMvcAutoConfiguration, org.springframework.boot.test.autoconfigure.web.servlet.MockMvcSecurityAutoConfiguration, org.springframework.boot.test.autoconfigure.web.servlet.MockMvcWebClientAutoConfiguration, org.springframework.boot.test.autoconfigure.web.servlet.MockMvcWebDriverAutoConfiguration]], org.springframework.boot.test.context.filter.ExcludeFilterContextCustomizer@4a2c1138, org.springframework.boot.test.json.DuplicateJsonObjectContextCustomizerFactory$DuplicateJsonObjectContextCustomizer@424780fe, org.springframework.boot.test.mock.mockito.MockitoContextCustomizer@0, org.springframework.boot.test.web.client.TestRestTemplateContextCustomizer@37dffb51], resourceBasePath = 'src/main/webapp', contextLoader = 'org.springframework.boot.test.context.SpringBootContextLoader', parent = [null]], attributes = map['org.springframework.test.context.web.ServletTestExecutionListener.activateListener' -> true]], class annotated with @DirtiesContext [false] with mode [null].
20:55:58.323 [Test worker] DEBUG org.springframework.test.annotation.ProfileValueUtils - Retrieved @ProfileValueSourceConfiguration [null] for test class [com.chang.blog.controller.HelloControllerTest]
20:55:58.323 [Test worker] DEBUG org.springframework.test.annotation.ProfileValueUtils - Retrieved ProfileValueSource type [class org.springframework.test.annotation.SystemProfileValueSource] for class [com.chang.blog.controller.HelloControllerTest]
20:55:58.342 [Test worker] DEBUG org.springframework.test.context.support.TestPropertySourceUtils - Adding inlined properties to environment: {spring.jmx.enabled=false, org.springframework.boot.test.context.SpringBootTestContextBootstrapper=true, server.port=-1}

  .   ____          _            __ _ _
 /\\ / ___'_ __ _ _(_)_ __  __ _ \ \ \ \
( ( )\___ | '_ | '_| | '_ \/ _` | \ \ \ \
 \\/  ___)| |_)| | | | | || (_| |  ) ) ) )
  '  |____| .__|_| |_|_| |_\__, | / / / /
 =========|_|==============|___/=/_/_/_/
 :: Spring Boot ::       (v2.1.15.RELEASE)

2020-06-30 20:55:58.588  INFO 12588 --- [    Test worker] c.c.blog.controller.HelloControllerTest  : Starting HelloControllerTest on DESKTOP-VDSH1KN with PID 12588 (started by changxizhao in D:\JetBrains\workspace\blog)
2020-06-30 20:55:58.590  INFO 12588 --- [    Test worker] c.c.blog.controller.HelloControllerTest  : No active profile set, falling back to default profiles: default
2020-06-30 20:56:00.024  INFO 12588 --- [    Test worker] o.s.s.concurrent.ThreadPoolTaskExecutor  : Initializing ExecutorService 'applicationTaskExecutor'
2020-06-30 20:56:00.314  INFO 12588 --- [    Test worker] o.s.b.t.m.w.SpringBootMockServletContext : Initializing Spring TestDispatcherServlet ''
2020-06-30 20:56:00.314  INFO 12588 --- [    Test worker] o.s.t.web.servlet.TestDispatcherServlet  : Initializing Servlet ''
2020-06-30 20:56:00.330  INFO 12588 --- [    Test worker] o.s.t.web.servlet.TestDispatcherServlet  : Completed initialization in 16 ms
2020-06-30 20:56:00.417  INFO 12588 --- [    Test worker] c.c.blog.controller.HelloControllerTest  : Started HelloControllerTest in 2.068 seconds (JVM running for 3.404)
]]></system-out>
  <system-err><![CDATA[]]></system-err>
</testsuite>
